<?xml version="1.0" encoding="UTF-8"?>
<testng-results ignored="0" total="1" passed="1" failed="0" skipped="0">
  <reporter-output>
  </reporter-output>
  <suite started-at="2023-07-01T10:36:12 IST" name="Default suite" finished-at="2023-07-01T10:36:12 IST" duration-ms="122">
    <groups>
    </groups>
    <test started-at="2023-07-01T10:36:12 IST" name="Default test" finished-at="2023-07-01T10:36:12 IST" duration-ms="122">
      <class name="TestCases.testCase">
        <test-method signature="sendmail()[pri:0, instance:TestCases.testCase@21e360a]" started-at="2023-07-01T10:36:12 IST" name="sendmail" finished-at="2023-07-01T10:36:12 IST" duration-ms="17" status="PASS">
          <reporter-output>
          </reporter-output>
        </test-method> <!-- sendmail -->
        <test-method is-config="true" signature="loginout()[pri:0, instance:TestCases.testCase@21e360a]" started-at="2023-07-01T10:36:12 IST" name="loginout" finished-at="2023-07-01T10:36:12 IST" duration-ms="13" status="PASS">
          <reporter-output>
          </reporter-output>
        </test-method> <!-- loginout -->
      </class> <!-- TestCases.testCase -->
    </test> <!-- Default test -->
  </suite> <!-- Default suite -->
</testng-results>
